Traceback (most recent call last):
  File "C:\Users\vanisa\AppData\Roaming\Python\Python313\site-packages\jupyter_core\utils\__init__.py", line 154, in wrapped
    asyncio.get_running_loop()
    ~~~~~~~~~~~~~~~~~~~~~~~~^^
RuntimeError: no running event loop

During handling of the above exception, another exception occurred:

Traceback (most recent call last):
  File "C:\Users\vanisa\AppData\Local\Programs\Python\Python313\Lib\site-packages\jupyter_cache\executors\utils.py", line 58, in single_nb_execution
    executenb(
    ~~~~~~~~~^
        nb,
        ^^^
    ...<4 lines>...
        **kwargs,
        ^^^^^^^^^
    )
    ^
  File "C:\Users\vanisa\AppData\Local\Programs\Python\Python313\Lib\site-packages\nbclient\client.py", line 1305, in execute
    return NotebookClient(nb=nb, resources=resources, km=km, **kwargs).execute()
           ~~~~~~~~~~~~~~~~~~~~~~~~~~~~~~~~~~~~~~~~~~~~~~~~~~~~~~~~~~~~~~~~~~~^^
  File "C:\Users\vanisa\AppData\Roaming\Python\Python313\site-packages\jupyter_core\utils\__init__.py", line 158, in wrapped
    return loop.run_until_complete(inner)
           ~~~~~~~~~~~~~~~~~~~~~~~^^^^^^^
  File "C:\Users\vanisa\AppData\Local\Programs\Python\Python313\Lib\asyncio\base_events.py", line 725, in run_until_complete
    return future.result()
           ~~~~~~~~~~~~~^^
  File "C:\Users\vanisa\AppData\Local\Programs\Python\Python313\Lib\site-packages\nbclient\client.py", line 705, in async_execute
    await self.async_execute_cell(
        cell, index, execution_count=self.code_cells_executed + 1
    )
  File "C:\Users\vanisa\AppData\Local\Programs\Python\Python313\Lib\site-packages\nbclient\client.py", line 1058, in async_execute_cell
    await self._check_raise_for_error(cell, cell_index, exec_reply)
  File "C:\Users\vanisa\AppData\Local\Programs\Python\Python313\Lib\site-packages\nbclient\client.py", line 914, in _check_raise_for_error
    raise CellExecutionError.from_cell_and_msg(cell, exec_reply_content)
nbclient.exceptions.CellExecutionError: An error occurred while executing the following cell:
------------------
def load_audio(file_path, target_sr=16000):
    # Load audio mentah dan resample
    audio, sr = librosa.load(file_path, sr=target_sr)
    return audio, sr

test_file = "PSD-audio-wav/Suara-baru/Perekaman baru 51.wav"
print(f"Audio mentah: {test_audio[:10]} ...")  
print(f"Sampling rate: {sr}")
print(f"Panjang audio (samples): {len(test_audio)}")
------------------


[31m---------------------------------------------------------------------------[39m
[31mNameError[39m                                 Traceback (most recent call last)
[36mCell[39m[36m [39m[32mIn[7][39m[32m, line 7[39m
[32m      4[39m     [38;5;28;01mreturn[39;00m audio, sr
[32m      6[39m test_file = [33m"[39m[33mPSD-audio-wav/Suara-baru/Perekaman baru 51.wav[39m[33m"[39m
[32m----> [39m[32m7[39m [38;5;28mprint[39m([33mf[39m[33m"[39m[33mAudio mentah: [39m[38;5;132;01m{[39;00m[43mtest_audio[49m[:[32m10[39m][38;5;132;01m}[39;00m[33m ...[39m[33m"[39m)  
[32m      8[39m [38;5;28mprint[39m([33mf[39m[33m"[39m[33mSampling rate: [39m[38;5;132;01m{[39;00msr[38;5;132;01m}[39;00m[33m"[39m)
[32m      9[39m [38;5;28mprint[39m([33mf[39m[33m"[39m[33mPanjang audio (samples): [39m[38;5;132;01m{[39;00m[38;5;28mlen[39m(test_audio)[38;5;132;01m}[39;00m[33m"[39m)

[31mNameError[39m: name 'test_audio' is not defined

