Traceback (most recent call last):
<<<<<<< HEAD
  File "C:\Users\vanisa\AppData\Roaming\Python\Python313\site-packages\jupyter_core\utils\__init__.py", line 154, in wrapped
    asyncio.get_running_loop()
    ~~~~~~~~~~~~~~~~~~~~~~~~^^
=======
  File "C:\Users\triad\AppData\Local\Programs\Python\Python39\lib\site-packages\jupyter_core\utils\__init__.py", line 154, in wrapped
    asyncio.get_running_loop()
>>>>>>> ff8a6e6c9ed19be74b1219edc5b7aab7dcd29881
RuntimeError: no running event loop

During handling of the above exception, another exception occurred:

Traceback (most recent call last):
<<<<<<< HEAD
  File "C:\Users\vanisa\AppData\Local\Programs\Python\Python313\Lib\site-packages\jupyter_cache\executors\utils.py", line 58, in single_nb_execution
    executenb(
    ~~~~~~~~~^
        nb,
        ^^^
    ...<4 lines>...
        **kwargs,
        ^^^^^^^^^
    )
    ^
  File "C:\Users\vanisa\AppData\Local\Programs\Python\Python313\Lib\site-packages\nbclient\client.py", line 1305, in execute
    return NotebookClient(nb=nb, resources=resources, km=km, **kwargs).execute()
           ~~~~~~~~~~~~~~~~~~~~~~~~~~~~~~~~~~~~~~~~~~~~~~~~~~~~~~~~~~~~~~~~~~~^^
  File "C:\Users\vanisa\AppData\Roaming\Python\Python313\site-packages\jupyter_core\utils\__init__.py", line 158, in wrapped
    return loop.run_until_complete(inner)
           ~~~~~~~~~~~~~~~~~~~~~~~^^^^^^^
  File "C:\Users\vanisa\AppData\Local\Programs\Python\Python313\Lib\asyncio\base_events.py", line 725, in run_until_complete
    return future.result()
           ~~~~~~~~~~~~~^^
  File "C:\Users\vanisa\AppData\Local\Programs\Python\Python313\Lib\site-packages\nbclient\client.py", line 705, in async_execute
    await self.async_execute_cell(
        cell, index, execution_count=self.code_cells_executed + 1
    )
  File "C:\Users\vanisa\AppData\Local\Programs\Python\Python313\Lib\site-packages\nbclient\client.py", line 1058, in async_execute_cell
    await self._check_raise_for_error(cell, cell_index, exec_reply)
  File "C:\Users\vanisa\AppData\Local\Programs\Python\Python313\Lib\site-packages\nbclient\client.py", line 914, in _check_raise_for_error
=======
  File "C:\Users\triad\AppData\Local\Programs\Python\Python39\lib\site-packages\jupyter_cache\executors\utils.py", line 58, in single_nb_execution
    executenb(
  File "C:\Users\triad\AppData\Local\Programs\Python\Python39\lib\site-packages\nbclient\client.py", line 1319, in execute
    return NotebookClient(nb=nb, resources=resources, km=km, **kwargs).execute()
  File "C:\Users\triad\AppData\Local\Programs\Python\Python39\lib\site-packages\jupyter_core\utils\__init__.py", line 158, in wrapped
    return loop.run_until_complete(inner)
  File "C:\Users\triad\AppData\Local\Programs\Python\Python39\lib\asyncio\base_events.py", line 647, in run_until_complete
    return future.result()
  File "C:\Users\triad\AppData\Local\Programs\Python\Python39\lib\site-packages\nbclient\client.py", line 709, in async_execute
    await self.async_execute_cell(
  File "C:\Users\triad\AppData\Local\Programs\Python\Python39\lib\site-packages\nbclient\client.py", line 1062, in async_execute_cell
    await self._check_raise_for_error(cell, cell_index, exec_reply)
  File "C:\Users\triad\AppData\Local\Programs\Python\Python39\lib\site-packages\nbclient\client.py", line 918, in _check_raise_for_error
>>>>>>> ff8a6e6c9ed19be74b1219edc5b7aab7dcd29881
    raise CellExecutionError.from_cell_and_msg(cell, exec_reply_content)
nbclient.exceptions.CellExecutionError: An error occurred while executing the following cell:
------------------
import pandas as pd
<<<<<<< HEAD
import pymysql
import psycopg2

mysql_conn = pymysql.connect(
    host="localhost",
    user="root",
    password="sk25",   
    database="db_iris",
    port=3306
)

petal = pd.read_sql("SELECT * FROM petal", mysql_conn)

pg_conn = psycopg2.connect(
    host="localhost",
    user="postgres",  
    password="sk25_",
    database="iris_db",
    port=5432
)

sepal = pd.read_sql("SELECT * FROM sepal", pg_conn)

iris = pd.concat([petal, sepal], axis=1)

dataset = iris
------------------


[31m---------------------------------------------------------------------------[39m
[31mModuleNotFoundError[39m                       Traceback (most recent call last)
[36mCell[39m[36m [39m[32mIn[4][39m[32m, line 2[39m
[32m      1[39m [38;5;28;01mimport[39;00m[38;5;250m [39m[34;01mpandas[39;00m[38;5;250m [39m[38;5;28;01mas[39;00m[38;5;250m [39m[34;01mpd[39;00m
[32m----> [39m[32m2[39m [38;5;28;01mimport[39;00m[38;5;250m [39m[34;01mpymysql[39;00m
[32m      3[39m [38;5;28;01mimport[39;00m[38;5;250m [39m[34;01mpsycopg2[39;00m
[32m      5[39m mysql_conn = pymysql.connect(
[32m      6[39m     host=[33m"[39m[33mlocalhost[39m[33m"[39m,
[32m      7[39m     user=[33m"[39m[33mroot[39m[33m"[39m,
[32m   (...)[39m[32m     10[39m     port=[32m3306[39m
[32m     11[39m )

[31mModuleNotFoundError[39m: No module named 'pymysql'
=======

df = pd.read_csv("IRIS.csv")

pd.set_option("display.max_rows", None)   
pd.set_option("display.max_columns", None)  
pd.set_option("display.width", None)   
pd.set_option("display.max_colwidth", None)  

print(df)

------------------


[1;31m---------------------------------------------------------------------------[0m
[1;31mModuleNotFoundError[0m                       Traceback (most recent call last)
Cell [1;32mIn[1], line 1[0m
[1;32m----> 1[0m [38;5;28;01mimport[39;00m[38;5;250m [39m[38;5;21;01mpandas[39;00m[38;5;250m [39m[38;5;28;01mas[39;00m[38;5;250m [39m[38;5;21;01mpd[39;00m
[0;32m      3[0m df [38;5;241m=[39m pd[38;5;241m.[39mread_csv([38;5;124m"[39m[38;5;124mIRIS.csv[39m[38;5;124m"[39m)
[0;32m      5[0m pd[38;5;241m.[39mset_option([38;5;124m"[39m[38;5;124mdisplay.max_rows[39m[38;5;124m"[39m, [38;5;28;01mNone[39;00m)   

[1;31mModuleNotFoundError[0m: No module named 'pandas'
>>>>>>> ff8a6e6c9ed19be74b1219edc5b7aab7dcd29881

