Traceback (most recent call last):
<<<<<<< HEAD
  File "C:\Users\vanisa\AppData\Roaming\Python\Python313\site-packages\jupyter_core\utils\__init__.py", line 154, in wrapped
    asyncio.get_running_loop()
    ~~~~~~~~~~~~~~~~~~~~~~~~^^
=======
  File "C:\Users\triad\AppData\Local\Programs\Python\Python39\lib\site-packages\jupyter_core\utils\__init__.py", line 154, in wrapped
    asyncio.get_running_loop()
>>>>>>> ff8a6e6c9ed19be74b1219edc5b7aab7dcd29881
RuntimeError: no running event loop

During handling of the above exception, another exception occurred:

Traceback (most recent call last):
<<<<<<< HEAD
  File "C:\Users\vanisa\AppData\Local\Programs\Python\Python313\Lib\site-packages\jupyter_cache\executors\utils.py", line 58, in single_nb_execution
    executenb(
    ~~~~~~~~~^
        nb,
        ^^^
    ...<4 lines>...
        **kwargs,
        ^^^^^^^^^
    )
    ^
  File "C:\Users\vanisa\AppData\Local\Programs\Python\Python313\Lib\site-packages\nbclient\client.py", line 1305, in execute
    return NotebookClient(nb=nb, resources=resources, km=km, **kwargs).execute()
           ~~~~~~~~~~~~~~~~~~~~~~~~~~~~~~~~~~~~~~~~~~~~~~~~~~~~~~~~~~~~~~~~~~~^^
  File "C:\Users\vanisa\AppData\Roaming\Python\Python313\site-packages\jupyter_core\utils\__init__.py", line 158, in wrapped
    return loop.run_until_complete(inner)
           ~~~~~~~~~~~~~~~~~~~~~~~^^^^^^^
  File "C:\Users\vanisa\AppData\Local\Programs\Python\Python313\Lib\asyncio\base_events.py", line 725, in run_until_complete
    return future.result()
           ~~~~~~~~~~~~~^^
  File "C:\Users\vanisa\AppData\Local\Programs\Python\Python313\Lib\site-packages\nbclient\client.py", line 705, in async_execute
    await self.async_execute_cell(
        cell, index, execution_count=self.code_cells_executed + 1
    )
  File "C:\Users\vanisa\AppData\Local\Programs\Python\Python313\Lib\site-packages\nbclient\client.py", line 1058, in async_execute_cell
    await self._check_raise_for_error(cell, cell_index, exec_reply)
  File "C:\Users\vanisa\AppData\Local\Programs\Python\Python313\Lib\site-packages\nbclient\client.py", line 914, in _check_raise_for_error
    raise CellExecutionError.from_cell_and_msg(cell, exec_reply_content)
nbclient.exceptions.CellExecutionError: An error occurred while executing the following cell:
------------------
import matplotlib.pyplot as plt
import pandas as pd
from sklearn.metrics import confusion_matrix, ConfusionMatrixDisplay

cm = confusion_matrix(y_test, y_pred)
disp = ConfusionMatrixDisplay(confusion_matrix=cm)

fig, ax = plt.subplots(figsize=(5, 5))
disp.plot(ax=ax, colorbar=False)
ax.set_title("Confusion Matrix - Binary Heartbeat Classification")

plt.savefig("confusion_matrix.png")
plt.close()


plt.figure(figsize=(5, 4))
pd.Series(y_pred).value_counts().plot(kind='bar')
plt.title("Distribusi Hasil Prediksi Model")
plt.xlabel("Kelas")
plt.ylabel("Jumlah Data")

plt.savefig("distribusi_prediksi.png")
plt.close()
=======
  File "C:\Users\triad\AppData\Local\Programs\Python\Python39\lib\site-packages\jupyter_cache\executors\utils.py", line 58, in single_nb_execution
    executenb(
  File "C:\Users\triad\AppData\Local\Programs\Python\Python39\lib\site-packages\nbclient\client.py", line 1319, in execute
    return NotebookClient(nb=nb, resources=resources, km=km, **kwargs).execute()
  File "C:\Users\triad\AppData\Local\Programs\Python\Python39\lib\site-packages\jupyter_core\utils\__init__.py", line 158, in wrapped
    return loop.run_until_complete(inner)
  File "C:\Users\triad\AppData\Local\Programs\Python\Python39\lib\asyncio\base_events.py", line 647, in run_until_complete
    return future.result()
  File "C:\Users\triad\AppData\Local\Programs\Python\Python39\lib\site-packages\nbclient\client.py", line 709, in async_execute
    await self.async_execute_cell(
  File "C:\Users\triad\AppData\Local\Programs\Python\Python39\lib\site-packages\nbclient\client.py", line 1062, in async_execute_cell
    await self._check_raise_for_error(cell, cell_index, exec_reply)
  File "C:\Users\triad\AppData\Local\Programs\Python\Python39\lib\site-packages\nbclient\client.py", line 918, in _check_raise_for_error
    raise CellExecutionError.from_cell_and_msg(cell, exec_reply_content)
nbclient.exceptions.CellExecutionError: An error occurred while executing the following cell:
------------------
from scipy.io import arff
import pandas as pd

data_train, meta_train = arff.loadarff(
    "binaryheartbeat/BinaryHeartbeat_TRAIN.arff"
)
df_train = pd.DataFrame(data_train)

data_test, meta_test = arff.loadarff(
    "binaryheartbeat/BinaryHeartbeat_TEST.arff"
)
df_test = pd.DataFrame(data_test)

print("INFORMASI DATA TRAIN")
print("Jumlah data:", df_train.shape[0])
print("Jumlah kolom:", df_train.shape[1])
print("Nama kolom terakhir:", df_train.columns[-1])

print("\n INFORMASI DATA TEST")
print("Jumlah data:", df_test.shape[0])
print("Jumlah kolom:", df_test.shape[1])
print("Nama kolom terakhir:", df_test.columns[-1])
>>>>>>> ff8a6e6c9ed19be74b1219edc5b7aab7dcd29881

------------------


<<<<<<< HEAD
[31m---------------------------------------------------------------------------[39m
[31mNameError[39m                                 Traceback (most recent call last)
[36mCell[39m[36m [39m[32mIn[5][39m[32m, line 5[39m
[32m      2[39m [38;5;28;01mimport[39;00m[38;5;250m [39m[34;01mpandas[39;00m[38;5;250m [39m[38;5;28;01mas[39;00m[38;5;250m [39m[34;01mpd[39;00m
[32m      3[39m [38;5;28;01mfrom[39;00m[38;5;250m [39m[34;01msklearn[39;00m[34;01m.[39;00m[34;01mmetrics[39;00m[38;5;250m [39m[38;5;28;01mimport[39;00m confusion_matrix, ConfusionMatrixDisplay
[32m----> [39m[32m5[39m cm = confusion_matrix(y_test, [43my_pred[49m)
[32m      6[39m disp = ConfusionMatrixDisplay(confusion_matrix=cm)
[32m      8[39m fig, ax = plt.subplots(figsize=([32m5[39m, [32m5[39m))

[31mNameError[39m: name 'y_pred' is not defined
=======
[1;31m---------------------------------------------------------------------------[0m
[1;31mFileNotFoundError[0m                         Traceback (most recent call last)
Cell [1;32mIn[1], line 4[0m
[0;32m      1[0m [38;5;28;01mfrom[39;00m[38;5;250m [39m[38;5;21;01mscipy[39;00m[38;5;21;01m.[39;00m[38;5;21;01mio[39;00m[38;5;250m [39m[38;5;28;01mimport[39;00m arff
[0;32m      2[0m [38;5;28;01mimport[39;00m[38;5;250m [39m[38;5;21;01mpandas[39;00m[38;5;250m [39m[38;5;28;01mas[39;00m[38;5;250m [39m[38;5;21;01mpd[39;00m
[1;32m----> 4[0m data_train, meta_train [38;5;241m=[39m [43marff[49m[38;5;241;43m.[39;49m[43mloadarff[49m[43m([49m
[0;32m      5[0m [43m    [49m[38;5;124;43m"[39;49m[38;5;124;43mbinaryheartbeat/BinaryHeartbeat_TRAIN.arff[39;49m[38;5;124;43m"[39;49m
[0;32m      6[0m [43m)[49m
[0;32m      7[0m df_train [38;5;241m=[39m pd[38;5;241m.[39mDataFrame(data_train)
[0;32m      9[0m data_test, meta_test [38;5;241m=[39m arff[38;5;241m.[39mloadarff(
[0;32m     10[0m     [38;5;124m"[39m[38;5;124mbinaryheartbeat/BinaryHeartbeat_TEST.arff[39m[38;5;124m"[39m
[0;32m     11[0m )

File [1;32m~\AppData\Local\Programs\Python\Python39\lib\site-packages\scipy\io\arff\_arffread.py:802[0m, in [0;36mloadarff[1;34m(f)[0m
[0;32m    800[0m     ofile [38;5;241m=[39m f
[0;32m    801[0m [38;5;28;01melse[39;00m:
[1;32m--> 802[0m     ofile [38;5;241m=[39m [38;5;28;43mopen[39;49m[43m([49m[43mf[49m[43m)[49m
[0;32m    803[0m [38;5;28;01mtry[39;00m:
[0;32m    804[0m     [38;5;28;01mreturn[39;00m _loadarff(ofile)

[1;31mFileNotFoundError[0m: [Errno 2] No such file or directory: 'binaryheartbeat/BinaryHeartbeat_TRAIN.arff'
>>>>>>> ff8a6e6c9ed19be74b1219edc5b7aab7dcd29881

